# do {tb_riscv_m_compile.do}
# ** Warning: (vlib-34) Library already exists at "modelsim_lib/work".
# ** Warning: (vlib-34) Library already exists at "modelsim_lib/msim".
# ** Warning: (vlib-34) Library already exists at "modelsim_lib/msim/xil_defaultlib".
# Model Technology ModelSim SE-64 vmap 10.5 Lib Mapping Utility 2016.02 Feb 13 2016
# vmap xil_defaultlib modelsim_lib/msim/xil_defaultlib 
# Modifying D:\modeltech64_10.5\modelsim.ini
# ** Warning: (vlog-159) Mode option -64 is not supported in this context and will be ignored.
# Model Technology ModelSim SE-64 vlog 10.5 Compiler 2016.02 Feb 13 2016
# Start time: 12:56:16 on Jun 19,2024
# vlog -64 -incr -work xil_defaultlib ../../../../riscv_m.srcs/sources_1/new/alu.v ../../../../riscv_m.srcs/sources_1/new/aludec.v ../../../../riscv_m.srcs/sources_1/new/bu.v ../../../../riscv_m.srcs/sources_1/new/controller.v ../../../../riscv_m.srcs/sources_1/new/datapath.v ../../../../riscv_m.srcs/sources_1/new/extend.v ../../../../riscv_m.srcs/sources_1/new/flopr.v ../../../../riscv_m.srcs/sources_1/new/flopren.v ../../../../riscv_m.srcs/sources_1/new/instrdec.v ../../../../riscv_m.srcs/sources_1/new/lsu.v ../../../../riscv_m.srcs/sources_1/new/mainfsm.v ../../../../riscv_m.srcs/sources_1/new/mem.v ../../../../riscv_m.srcs/sources_1/new/mux2.v ../../../../riscv_m.srcs/sources_1/new/mux3.v ../../../../riscv_m.srcs/sources_1/new/regfile.v ../../../../riscv_m.srcs/sources_1/new/riscv_m_top.v ../../../../riscv_m.srcs/sources_1/new/riscv_multicycle.v ../../../../riscv_m.srcs/sim_1/new/tb_riscv_m.v 
# -- Skipping module alu
# -- Skipping module aludec
# -- Skipping module bu
# -- Skipping module controller
# -- Skipping module datapath
# -- Skipping module extend
# -- Skipping module flopr
# -- Skipping module flopren
# -- Skipping module instrdec
# -- Skipping module lsu
# -- Skipping module mainfsm
# -- Compiling module mem
# -- Skipping module mux2
# -- Skipping module mux3
# -- Skipping module regfile
# -- Skipping module riscv_m_top
# -- Skipping module riscv_multicycle
# -- Skipping module tb_riscv_m
# 
# Top level modules:
# 	tb_riscv_m
# End time: 12:56:16 on Jun 19,2024, Elapsed time: 0:00:00
# Errors: 0, Warnings: 1
# Model Technology ModelSim SE-64 vlog 10.5 Compiler 2016.02 Feb 13 2016
# Start time: 12:56:16 on Jun 19,2024
# vlog -work xil_defaultlib glbl.v 
# -- Compiling module glbl
# 
# Top level modules:
# 	glbl
# End time: 12:56:16 on Jun 19,2024, Elapsed time: 0:00:00
# Errors: 0, Warnings: 0
