# //  ModelSim SE-64 10.5 Feb 13 2016 
# //
# //  Copyright 1991-2016 Mentor Graphics Corporation
# //  All Rights Reserved.
# //
# //  ModelSim SE-64 and its associated documentation contain trade
# //  secrets and commercial or financial information that are the property of
# //  Mentor Graphics Corporation and are privileged, confidential,
# //  and exempt from disclosure under the Freedom of Information Act,
# //  5 U.S.C. Section 552. Furthermore, this information
# //  is prohibited from disclosure under the Trade Secrets Act,
# //  18 U.S.C. Section 1905.
# //
# do {tb_riscv_m_simulate.do}
# vsim -voptargs=""+acc"" -L xil_defaultlib -L unisims_ver -L unimacro_ver -L secureip -lib xil_defaultlib xil_defaultlib.tb_riscv_m xil_defaultlib.glbl 
# Start time: 12:56:19 on Jun 19,2024
# ** Warning: (vsim-8891) All optimizations are turned off because the -novopt switch is in effect. This will cause your simulation to run very slowly. If you are using this switch to preserve visibility for Debug or PLI features please see the User's Manual section on Preserving Object Visibility with vopt.
# Loading xil_defaultlib.tb_riscv_m
# Loading xil_defaultlib.riscv_m_top
# Loading xil_defaultlib.riscv_multicycle
# Loading xil_defaultlib.datapath
# Loading xil_defaultlib.flopren
# Loading xil_defaultlib.mux2
# Loading xil_defaultlib.flopr
# Loading xil_defaultlib.regfile
# Loading xil_defaultlib.extend
# Loading xil_defaultlib.mux3
# Loading xil_defaultlib.alu
# Loading xil_defaultlib.controller
# Loading xil_defaultlib.mainfsm
# Loading xil_defaultlib.aludec
# Loading xil_defaultlib.instrdec
# Loading xil_defaultlib.lsu
# Loading xil_defaultlib.bu
# Loading xil_defaultlib.mem
# Loading xil_defaultlib.glbl
# 1
# 1
# .main_pane.wave.interior.cs.body.pw.wf
# .main_pane.structure.interior.cs.body.struct
# .main_pane.objects.interior.cs.body.tree
run -all
add wave -position insertpoint sim:/tb_riscv_m/dut/riscv_multicycle_u/dp/*
restart
# ** Warning: (vsim-8891) All optimizations are turned off because the -novopt switch is in effect. This will cause your simulation to run very slowly. If you are using this switch to preserve visibility for Debug or PLI features please see the User's Manual section on Preserving Object Visibility with vopt.
run -all
vlog -work xil_defaultlib -L mtiAvm -L mtiRnm -L mtiOvm -L mtiUvm -L mtiUPF -L infact D:/eda/riscv/multicycle_processor/riscv_m/riscv_m.srcs/sources_1/new/alu.v
# Model Technology ModelSim SE-64 vlog 10.5 Compiler 2016.02 Feb 13 2016
# Start time: 15:52:28 on Jun 19,2024
# vlog -reportprogress 300 -work xil_defaultlib -L mtiAvm -L mtiRnm -L mtiOvm -L mtiUvm -L mtiUPF -L infact D:/eda/riscv/multicycle_processor/riscv_m/riscv_m.srcs/sources_1/new/alu.v 
# -- Compiling module alu
# 
# Top level modules:
# 	alu
# End time: 15:52:28 on Jun 19,2024, Elapsed time: 0:00:00
# Errors: 0, Warnings: 0
restart
# ** Warning: (vsim-8891) All optimizations are turned off because the -novopt switch is in effect. This will cause your simulation to run very slowly. If you are using this switch to preserve visibility for Debug or PLI features please see the User's Manual section on Preserving Object Visibility with vopt.
# Loading xil_defaultlib.alu

run 100us
# Simulation succeeded
# ** Note: $stop    : ../../../../riscv_m.srcs/sim_1/new/tb_riscv_m.v(95)
#    Time: 1265 ns  Iteration: 1  Instance: /tb_riscv_m
# Break in Module tb_riscv_m at ../../../../riscv_m.srcs/sim_1/new/tb_riscv_m.v line 95
