INFO: [VRFC 10-2263] Analyzing Verilog file "D:/eda/riscv/multicycle_processor/riscv_m/riscv_m.srcs/sources_1/new/alu.v" into library xil_defaultlib
INFO: [VRFC 10-311] analyzing module alu
INFO: [VRFC 10-2263] Analyzing Verilog file "D:/eda/riscv/multicycle_processor/riscv_m/riscv_m.srcs/sources_1/new/aludec.v" into library xil_defaultlib
INFO: [VRFC 10-311] analyzing module aludec
INFO: [VRFC 10-2263] Analyzing Verilog file "D:/eda/riscv/multicycle_processor/riscv_m/riscv_m.srcs/sources_1/new/bu.v" into library xil_defaultlib
INFO: [VRFC 10-311] analyzing module bu
INFO: [VRFC 10-2263] Analyzing Verilog file "D:/eda/riscv/multicycle_processor/riscv_m/riscv_m.srcs/sources_1/new/controller.v" into library xil_defaultlib
INFO: [VRFC 10-311] analyzing module controller
INFO: [VRFC 10-2263] Analyzing Verilog file "D:/eda/riscv/multicycle_processor/riscv_m/riscv_m.srcs/sources_1/new/datapath.v" into library xil_defaultlib
INFO: [VRFC 10-311] analyzing module datapath
INFO: [VRFC 10-2458] undeclared symbol ImmExtm, assumed default net type wire [D:/eda/riscv/multicycle_processor/riscv_m/riscv_m.srcs/sources_1/new/datapath.v:129]
INFO: [VRFC 10-2458] undeclared symbol ALUResult, assumed default net type wire [D:/eda/riscv/multicycle_processor/riscv_m/riscv_m.srcs/sources_1/new/datapath.v:139]
INFO: [VRFC 10-2263] Analyzing Verilog file "D:/eda/riscv/multicycle_processor/riscv_m/riscv_m.srcs/sources_1/new/extend.v" into library xil_defaultlib
INFO: [VRFC 10-311] analyzing module extend
INFO: [VRFC 10-2263] Analyzing Verilog file "D:/eda/riscv/multicycle_processor/riscv_m/riscv_m.srcs/sources_1/new/flopr.v" into library xil_defaultlib
INFO: [VRFC 10-311] analyzing module flopr
INFO: [VRFC 10-2263] Analyzing Verilog file "D:/eda/riscv/multicycle_processor/riscv_m/riscv_m.srcs/sources_1/new/flopren.v" into library xil_defaultlib
INFO: [VRFC 10-311] analyzing module flopren
INFO: [VRFC 10-2263] Analyzing Verilog file "D:/eda/riscv/multicycle_processor/riscv_m/riscv_m.srcs/sources_1/new/instrdec.v" into library xil_defaultlib
INFO: [VRFC 10-311] analyzing module instrdec
INFO: [VRFC 10-2263] Analyzing Verilog file "D:/eda/riscv/multicycle_processor/riscv_m/riscv_m.srcs/sources_1/new/lsu.v" into library xil_defaultlib
INFO: [VRFC 10-311] analyzing module lsu
INFO: [VRFC 10-2263] Analyzing Verilog file "D:/eda/riscv/multicycle_processor/riscv_m/riscv_m.srcs/sources_1/new/mainfsm.v" into library xil_defaultlib
INFO: [VRFC 10-311] analyzing module mainfsm
INFO: [VRFC 10-2263] Analyzing Verilog file "D:/eda/riscv/multicycle_processor/riscv_m/riscv_m.srcs/sources_1/new/mem.v" into library xil_defaultlib
INFO: [VRFC 10-311] analyzing module mem
INFO: [VRFC 10-2263] Analyzing Verilog file "D:/eda/riscv/multicycle_processor/riscv_m/riscv_m.srcs/sources_1/new/mux3.v" into library xil_defaultlib
INFO: [VRFC 10-311] analyzing module mux3
INFO: [VRFC 10-2263] Analyzing Verilog file "D:/eda/riscv/multicycle_processor/riscv_m/riscv_m.srcs/sources_1/new/regfile.v" into library xil_defaultlib
INFO: [VRFC 10-311] analyzing module regfile
INFO: [VRFC 10-2263] Analyzing Verilog file "D:/eda/riscv/multicycle_processor/riscv_m/riscv_m.srcs/sources_1/new/riscv_m_top.v" into library xil_defaultlib
INFO: [VRFC 10-311] analyzing module riscv_m_top
INFO: [VRFC 10-2458] undeclared symbol ReadData, assumed default net type wire [D:/eda/riscv/multicycle_processor/riscv_m/riscv_m.srcs/sources_1/new/riscv_m_top.v:36]
INFO: [VRFC 10-2263] Analyzing Verilog file "D:/eda/riscv/multicycle_processor/riscv_m/riscv_m.srcs/sources_1/new/riscv_multicycle.v" into library xil_defaultlib
INFO: [VRFC 10-311] analyzing module riscv_multicycle
INFO: [VRFC 10-2263] Analyzing Verilog file "D:/eda/riscv/multicycle_processor/riscv_m/riscv_m.srcs/sim_1/new/tb_riscv_m.v" into library xil_defaultlib
INFO: [VRFC 10-311] analyzing module tb_riscv_m
